2025-07-10 15:27:48,784 - INFO - Train: 2018-07-01 - 2022-12-31
2025-07-10 15:27:50,418 - INFO - Test: 2018-04-01 - 2018-06-23
2025-07-10 15:28:13,557 - INFO - Train: 2018-07-01 - 2022-12-31
2025-07-10 15:28:13,739 - INFO - Test: 2018-04-01 - 2018-06-23
2025-07-10 15:30:04,597 - INFO - Train: 2018-07-01 - 2022-12-31
2025-07-10 15:30:07,193 - INFO - Test: 2018-04-01 - 2018-05-23
2025-07-10 15:31:02,570 - INFO - Train: 2018-07-01 - 2022-12-31
2025-07-10 15:31:03,649 - INFO - Test: 2018-04-01 - 2018-05-23
2025-07-10 15:31:06,867 - INFO - Train: 2018-07-01 - 2022-12-31
2025-07-10 15:31:07,264 - INFO - Test: 2018-04-01 - 2018-05-23
2025-07-10 15:32:49,997 - INFO - Train: 2018-05-01 - 2018-06-05 00:00:00
2025-07-10 15:32:50,197 - INFO - Test: 2018-06-12 00:00:00 - 2018-06-19 00:00:00
2025-07-10 15:45:08,701 - INFO - Train: 2018-04-01 - 2018-12-31
2025-07-10 15:45:12,115 - INFO - Test: 2018-08-01 - 2018-10-01
2025-07-10 15:45:12,116 - WARNING - test_df is empty or None
2025-07-10 15:45:12,150 - INFO - Train: 2018-04-01 - 2018-12-31
2025-07-10 15:45:12,948 - INFO - Test: 2018-08-01 - 2018-10-01
2025-07-10 15:45:13,205 - INFO - Train: 2018-04-01 - 2018-12-31
2025-07-10 15:45:13,821 - INFO - Test: 2018-08-01 - 2018-10-01
2025-07-10 15:45:14,412 - INFO - Train: 2018-04-01 - 2018-05-06 00:00:00
2025-07-10 15:45:14,484 - INFO - Test: 2018-05-13 00:00:00 - 2018-05-20 00:00:00
2025-07-10 15:45:15,283 - INFO - BaggingSequentialDataset initialized successfully.
2025-07-10 15:45:15,338 - INFO - BaggingSequentialDataset initialized successfully.
2025-07-10 15:45:21,755 - INFO - BaggingSequentialDataset initialized successfully.
2025-07-10 15:45:26,932 - INFO - BaggingSequentialDataset initialized successfully.
2025-07-10 16:43:16,413 - INFO - Train: 2018-05-01 - 2018-06-05 00:00:00
2025-07-10 16:43:16,532 - INFO - Test: 2018-06-12 00:00:00 - 2018-06-19 00:00:00
2025-07-10 16:45:07,455 - INFO - Train: 2018-04-01 - 2018-12-31
2025-07-10 16:45:10,882 - INFO - Test: 2018-08-01 - 2018-10-01
2025-07-10 16:45:10,883 - WARNING - test_df is empty or None
2025-07-10 16:45:10,926 - INFO - Train: 2018-04-01 - 2018-12-31
2025-07-10 16:45:11,892 - INFO - Test: 2018-08-01 - 2018-10-01
2025-07-10 16:45:11,994 - INFO - Train: 2018-04-01 - 2018-12-31
2025-07-10 16:45:12,735 - INFO - Test: 2018-08-01 - 2018-10-01
2025-07-10 16:45:13,436 - INFO - Train: 2018-04-01 - 2018-05-06 00:00:00
2025-07-10 16:45:13,517 - INFO - Test: 2018-05-13 00:00:00 - 2018-05-20 00:00:00
2025-07-10 16:45:14,217 - INFO - BaggingSequentialDataset initialized successfully.
2025-07-10 16:45:14,281 - INFO - BaggingSequentialDataset initialized successfully.
2025-07-10 16:45:21,997 - INFO - BaggingSequentialDataset initialized successfully.
2025-07-10 16:45:26,892 - INFO - BaggingSequentialDataset initialized successfully.
2025-07-10 16:46:23,642 - INFO - Train: 2018-04-01 - 2018-12-31
2025-07-10 16:46:24,776 - INFO - Test: 2018-08-01 - 2018-10-01
2025-07-10 16:46:24,880 - INFO - Train: 2018-04-01 - 2018-12-31
2025-07-10 16:46:25,493 - INFO - Test: 2018-08-01 - 2018-10-01
2025-07-10 16:46:26,260 - INFO - Train: 2018-04-01 - 2018-04-01 00:00:00
2025-07-10 16:46:26,264 - INFO - Test: 2018-04-08 00:00:00 - 2018-10-25 00:00:00
2025-07-10 16:46:29,262 - INFO - Train: 2018-04-01 - 2018-12-31
2025-07-10 16:46:33,071 - INFO - Test: 2018-08-01 - 2018-10-01
2025-07-10 16:46:33,072 - WARNING - test_df is empty or None
2025-07-10 16:46:33,125 - INFO - Train: 2018-04-01 - 2018-12-31
2025-07-10 16:46:33,582 - INFO - Test: 2018-08-01 - 2018-10-01
2025-07-10 16:46:33,718 - INFO - Train: 2018-04-01 - 2018-12-31
2025-07-10 16:46:34,145 - INFO - Test: 2018-08-01 - 2018-10-01
2025-07-10 16:46:34,848 - INFO - Train: 2018-04-01 - 2018-04-01 00:00:00
2025-07-10 16:46:34,853 - INFO - Test: 2018-04-08 00:00:00 - 2018-10-25 00:00:00
2025-07-10 16:46:36,783 - INFO - BaggingSequentialDataset initialized successfully.
2025-07-10 16:46:37,828 - INFO - BaggingSequentialDataset initialized successfully.
2025-07-10 16:46:43,492 - INFO - Train: 2018-05-01 - 2018-05-01 00:00:00
2025-07-10 16:46:43,515 - INFO - Test: 2018-05-08 00:00:00 - 2018-11-24 00:00:00
2025-07-10 16:47:13,782 - INFO - BaggingSequentialDataset initialized successfully.
2025-07-10 16:47:28,763 - INFO - BaggingSequentialDataset initialized successfully.
2025-07-10 16:49:29,164 - INFO - Train: 2018-05-01 - 2018-06-05 00:00:00
2025-07-10 16:49:29,326 - INFO - Test: 2018-06-12 00:00:00 - 2018-06-19 00:00:00
2025-07-10 17:45:45,451 - INFO - Train: 2018-04-01 - 2018-12-31
2025-07-10 17:45:49,692 - INFO - Test: 2018-08-01 - 2018-10-01
2025-07-10 17:45:49,696 - WARNING - test_df is empty or None
2025-07-10 17:45:49,783 - INFO - Train: 2018-04-01 - 2018-12-31
2025-07-10 17:45:50,639 - INFO - Test: 2018-08-01 - 2018-10-01
2025-07-10 17:45:50,781 - INFO - Train: 2018-04-01 - 2018-12-31
2025-07-10 17:45:52,604 - INFO - Test: 2018-08-01 - 2018-10-01
2025-07-10 17:45:53,440 - INFO - Train: 2018-04-01 - 2018-05-06 00:00:00
2025-07-10 17:45:53,541 - INFO - Test: 2018-05-13 00:00:00 - 2018-05-20 00:00:00
2025-07-10 17:45:54,271 - INFO - BaggingSequentialDataset initialized successfully.
2025-07-10 17:45:54,325 - INFO - BaggingSequentialDataset initialized successfully.
2025-07-10 17:46:02,030 - INFO - BaggingSequentialDataset initialized successfully.
2025-07-10 17:46:07,761 - INFO - BaggingSequentialDataset initialized successfully.
2025-07-10 17:52:29,596 - INFO - Train: 2018-04-01 - 2018-12-31
2025-07-10 17:52:32,976 - INFO - Test: 2018-08-01 - 2018-10-01
2025-07-10 17:52:32,978 - WARNING - test_df is empty or None
2025-07-10 17:52:33,040 - INFO - Train: 2018-04-01 - 2018-12-31
2025-07-10 17:52:33,497 - INFO - Test: 2018-08-01 - 2018-10-01
2025-07-10 17:52:33,607 - INFO - Train: 2018-04-01 - 2018-12-31
2025-07-10 17:52:34,048 - INFO - Test: 2018-08-01 - 2018-10-01
2025-07-10 17:52:34,709 - INFO - Train: 2018-04-01 - 2018-04-01 00:00:00
2025-07-10 17:52:34,714 - INFO - Test: 2018-04-08 00:00:00 - 2018-10-25 00:00:00
2025-07-10 17:52:36,657 - INFO - BaggingSequentialDataset initialized successfully.
2025-07-10 17:52:37,934 - INFO - BaggingSequentialDataset initialized successfully.
2025-07-10 17:53:07,054 - INFO - BaggingSequentialDataset initialized successfully.
2025-07-10 17:53:15,578 - INFO - BaggingSequentialDataset initialized successfully.
